<?xml version="1.0" encoding="UTF-8"?>
<!-- Generated by org.testng.reporters.JUnitReportReporter -->
<testsuite hostname="DESKTOP-MA309TJ" failures="0" tests="1" name="tests.checkout" time="14.782" errors="0" timestamp="2025-03-02T20:17:43 EET" skipped="0">
  <testcase classname="tests.checkout" name="checkoutTest" time="14.782"/>
  <system-out/>
</testsuite> <!-- tests.checkout -->
