<?xml version="1.0" encoding="UTF-8"?>
<!-- Generated by org.testng.reporters.JUnitReportReporter -->
<testsuite hostname="DESKTOP-MA309TJ" failures="0" tests="1" name="tests.searchAndAddTest" time="54.221" errors="0" timestamp="2025-02-16T15:16:00 EET" skipped="0">
  <testcase classname="tests.searchAndAddTest" name="searchTest1" time="54.221"/>
  <system-out/>
</testsuite> <!-- tests.searchAndAddTest -->
