<?xml version="1.0" encoding="UTF-8"?>
<!-- Generated by org.testng.reporters.JUnitReportReporter -->
<testsuite hostname="DESKTOP-MA309TJ" failures="0" tests="1" name="tests.login" time="4.316" errors="0" timestamp="2025-03-02T18:15:20 EET" skipped="0">
  <testcase classname="tests.login" name="loginTest" time="4.316"/>
  <system-out/>
</testsuite> <!-- tests.login -->
