<?xml version="1.0" encoding="UTF-8"?>
<!-- Generated by org.testng.reporters.JUnitReportReporter -->
<testsuite hostname="DESKTOP-MA309TJ" failures="0" tests="1" name="tests.searchAndAdd" time="7.843" errors="0" timestamp="2025-02-20T17:12:12 EET" skipped="0">
  <testcase classname="tests.searchAndAdd" name="searchAndAddTest1" time="7.843"/>
  <system-out/>
</testsuite> <!-- tests.searchAndAdd -->
