<?xml version="1.0" encoding="UTF-8"?>
<!-- Generated by org.testng.reporters.JUnitReportReporter -->
<testsuite hostname="DESKTOP-MA309TJ" failures="0" tests="1" name="tests.orderOverview" time="9.910" errors="0" timestamp="2025-03-02T20:14:15 EET" skipped="0">
  <testcase classname="tests.orderOverview" name="orderOverviewTest" time="9.910"/>
  <system-out/>
</testsuite> <!-- tests.orderOverview -->
