<?xml version="1.0" encoding="UTF-8"?>
<!-- Generated by org.testng.reporters.JUnitReportReporter -->
<testsuite hostname="DESKTOP-MA309TJ" failures="0" tests="1" name="tests.browseAndAdd" time="16.395" errors="0" timestamp="2025-03-09T22:43:11 EET" skipped="0">
  <testcase classname="tests.browseAndAdd" name="browseTest" time="16.395"/>
  <system-out/>
</testsuite> <!-- tests.browseAndAdd -->
